2022-01-03 21:37:28,678 [INFO ]  
2022-01-03 21:37:28,678 [INFO ]  ***************************************************************************
2022-01-03 21:37:28,679 [INFO ]  ********** [STEP 1] Initialization...
2022-01-03 21:37:28,679 [INFO ]  ***************************************************************************
2022-01-03 21:37:29,437 [INFO ]  

This script automates the deployment of CobiGen modules.
[WARNING]: The script will access and change the Github repository. Do not use it unless you want to deploy modules.

Options:
  -d / --debug:           Script stops after each automatic step and asks the user to continue.
  -g / --github-repo-id   GitHub repository name to be released
  -h / --help:            Provides a short help about the intention and possible options.
  -y / --dry-run:         Will prevent from pushing to the remote repository, changing anything on GitHub
                          Issues/Milestones etc.
    
2022-01-03 21:41:57,993 [INFO ]  
2022-01-03 21:41:57,994 [INFO ]  ***************************************************************************
2022-01-03 21:41:57,994 [INFO ]  ********** [STEP 1] Initialization...
2022-01-03 21:41:57,994 [INFO ]  ***************************************************************************
2022-01-03 21:41:58,664 [INFO ]  [ARGS] --dry-run: No changes will be made on the Git repo.
2022-01-03 21:41:58,665 [INFO ]  [ARGS] GitHub repository to release against is set to maybeec/gha-test
2022-01-03 21:41:58,666 [INFO ]  [ARGS] Release version to be released set to v2021.01.001
2022-01-03 21:41:58,668 [INFO ]  Releasing against GitHub repository 'maybeec/gha-test'
2022-01-03 21:45:23,244 [INFO ]  
2022-01-03 21:45:23,244 [INFO ]  ***************************************************************************
2022-01-03 21:45:23,245 [INFO ]  ********** [STEP 1] Initialization...
2022-01-03 21:45:23,245 [INFO ]  ***************************************************************************
2022-01-03 21:45:23,902 [INFO ]  [ARGS] --dry-run: No changes will be made on the Git repo.
2022-01-03 21:45:23,902 [INFO ]  [ARGS] GitHub repository to release against is set to maybeec/gha-test
2022-01-03 21:45:23,903 [INFO ]  [ARGS] Release version to be released set to v2021.01.001
2022-01-03 21:45:23,904 [INFO ]  [ARGS] GitHub Token set
2022-01-03 21:45:23,905 [INFO ]  Releasing against GitHub repository 'maybeec/gha-test'
2022-01-03 21:45:23,905 [INFO ]  Authenticated.
2022-01-03 21:45:24,674 [INFO ]  
2022-01-03 21:45:24,675 [INFO ]  ***************************************************************************
2022-01-03 21:45:24,676 [INFO ]  ********** [STEP 2] Close GitHub Milestone...
2022-01-03 21:45:24,676 [INFO ]  ***************************************************************************
2022-01-03 21:45:24,677 [INFO ]  [DEBUG] Milestones not found in cache, retrieving from GitHub...
2022-01-03 21:59:32,733 [INFO ]  
2022-01-03 21:59:32,734 [INFO ]  ***************************************************************************
2022-01-03 21:59:32,734 [INFO ]  ********** [STEP 1] Initialization...
2022-01-03 21:59:32,735 [INFO ]  ***************************************************************************
2022-01-03 21:59:33,404 [INFO ]  [ARGS] --dry-run: No changes will be made on the Git repo.
2022-01-03 21:59:33,405 [INFO ]  [ARGS] GitHub repository to release against is set to maybeec/gha-test
2022-01-03 21:59:33,407 [INFO ]  [ARGS] Release version to be released set to v2021.01.001
2022-01-03 21:59:33,408 [INFO ]  [ARGS] GitHub Token set
2022-01-03 21:59:33,410 [INFO ]  Releasing against GitHub repository 'maybeec/gha-test'
2022-01-03 21:59:33,412 [INFO ]  Authenticated.
2022-01-03 21:59:34,213 [INFO ]  Release tag name: v2021.01.001
2022-01-03 21:59:34,214 [INFO ]  Next release name not specified.
2022-01-03 21:59:34,215 [ERROR]  Could not determine version pattern. Supported version pattern is (v?[0-9]+\.[0-9]\.)([0-9]+)
2022-01-03 21:59:58,510 [INFO ]  
2022-01-03 21:59:58,510 [INFO ]  ***************************************************************************
2022-01-03 21:59:58,510 [INFO ]  ********** [STEP 1] Initialization...
2022-01-03 21:59:58,511 [INFO ]  ***************************************************************************
2022-01-03 21:59:58,549 [INFO ]  [ARGS] --dry-run: No changes will be made on the Git repo.
2022-01-03 21:59:58,550 [INFO ]  [ARGS] GitHub repository to release against is set to maybeec/gha-test
2022-01-03 21:59:58,550 [INFO ]  [ARGS] Release version to be released set to v2021.01.001
2022-01-03 21:59:58,551 [INFO ]  [ARGS] GitHub Token set
2022-01-03 21:59:58,551 [INFO ]  Releasing against GitHub repository 'maybeec/gha-test'
2022-01-03 21:59:58,552 [INFO ]  Authenticated.
2022-01-03 21:59:59,336 [INFO ]  Release tag name: v2021.01.001
2022-01-03 21:59:59,339 [INFO ]  Next release name not specified.
2022-01-03 21:59:59,340 [INFO ]  Increasing bugfix version by 1
2022-01-03 21:59:59,342 [INFO ]  [DEBUG] Milestones not found in cache, retrieving from GitHub...
2022-01-03 21:59:59,509 [INFO ]  ::warning Milestone not found! Searched for milestone with name 'vv2021.01.001'.
2022-01-03 21:59:59,510 [INFO ]  
2022-01-03 21:59:59,511 [INFO ]  ***************************************************************************
2022-01-03 21:59:59,513 [INFO ]  ********** [STEP 2] Close GitHub Milestone...
2022-01-03 21:59:59,514 [INFO ]  ***************************************************************************
2022-01-03 22:03:04,391 [INFO ]  
2022-01-03 22:03:04,391 [INFO ]  ***************************************************************************
2022-01-03 22:03:04,392 [INFO ]  ********** [STEP 1] Initialization...
2022-01-03 22:03:04,393 [INFO ]  ***************************************************************************
2022-01-03 22:03:05,072 [INFO ]  [ARGS] --dry-run: No changes will be made on the Git repo.
2022-01-03 22:03:05,073 [INFO ]  [ARGS] GitHub repository to release against is set to maybeec/gha-test
2022-01-03 22:03:05,075 [INFO ]  [ARGS] Release version to be released set to v2021.01.001
2022-01-03 22:03:05,076 [INFO ]  [ARGS] GitHub Token set
2022-01-03 22:03:05,078 [INFO ]  Releasing against GitHub repository 'maybeec/gha-test'
2022-01-03 22:03:05,080 [INFO ]  Authenticated.
2022-01-03 22:03:05,763 [INFO ]  Release tag name: v2021.01.001
2022-01-03 22:03:05,765 [INFO ]  Next release name not specified.
2022-01-03 22:03:05,766 [INFO ]  Increasing bugfix version by 1
2022-01-03 22:03:05,768 [INFO ]  [DEBUG] Milestones not found in cache, retrieving from GitHub...
2022-01-03 22:03:05,927 [INFO ]  Milestone 'v2021.01.001' found!
2022-01-03 22:03:05,928 [INFO ]  
2022-01-03 22:03:05,929 [INFO ]  ***************************************************************************
2022-01-03 22:03:05,929 [INFO ]  ********** [STEP 2] Close GitHub Milestone...
2022-01-03 22:03:05,930 [INFO ]  ***************************************************************************
2022-01-03 22:03:05,931 [INFO ]  [DRY] Would close the milestone: v2021.01.001
2022-01-03 22:03:05,931 [INFO ]  
2022-01-03 22:03:05,932 [INFO ]  ***************************************************************************
2022-01-03 22:03:05,932 [INFO ]  ********** [STEP 3] Create new GitHub release...
2022-01-03 22:03:05,933 [INFO ]  ***************************************************************************
2022-01-03 22:03:05,933 [INFO ]  [DRY] Would create a new GitHub release
2022-01-03 22:03:05,934 [INFO ]  
2022-01-03 22:03:05,934 [INFO ]  ***************************************************************************
2022-01-03 22:03:05,935 [INFO ]  ********** [STEP 4] Create new GitHub milestone...
2022-01-03 22:03:05,935 [INFO ]  ***************************************************************************
2022-01-03 22:03:05,936 [INFO ]  [DRY] Would create a new milestone
2022-01-04 08:44:41,945 [INFO ]  
2022-01-04 08:44:41,946 [INFO ]  ***************************************************************************
2022-01-04 08:44:41,946 [INFO ]  ********** [STEP 1] Initialization...
2022-01-04 08:44:41,947 [INFO ]  ***************************************************************************
2022-01-04 08:44:42,670 [INFO ]  [ARGS] GitHub repository to release against is set to maybeec/gha-test
2022-01-04 08:44:42,671 [INFO ]  [ARGS] Release version to be released set to v2021.01.001
2022-01-04 08:44:42,671 [INFO ]  [ARGS] GitHub Token set
2022-01-04 08:44:42,671 [INFO ]  Releasing against GitHub repository 'maybeec/gha-test'
2022-01-04 08:44:42,672 [INFO ]  Authenticated.
2022-01-04 08:44:43,412 [INFO ]  Release tag name: v2021.01.001
2022-01-04 08:44:43,412 [INFO ]  Next release name not specified.
2022-01-04 08:44:43,413 [INFO ]  Increasing bugfix version by 1
2022-01-04 08:44:43,413 [INFO ]  [DEBUG] Milestones not found in cache, retrieving from GitHub...
2022-01-04 08:44:43,565 [INFO ]  Milestone 'v2021.01.001' found!
2022-01-04 08:44:43,565 [INFO ]  
2022-01-04 08:44:43,565 [INFO ]  ***************************************************************************
2022-01-04 08:44:43,566 [INFO ]  ********** [STEP 2] Close GitHub Milestone...
2022-01-04 08:44:43,566 [INFO ]  ***************************************************************************
2022-01-04 08:44:43,752 [INFO ]  New status of Milestone 'v2021.01.001' is: closed
2022-01-04 08:44:43,752 [INFO ]  
2022-01-04 08:44:43,753 [INFO ]  ***************************************************************************
2022-01-04 08:44:43,753 [INFO ]  ********** [STEP 3] Create new GitHub release...
2022-01-04 08:44:43,753 [INFO ]  ***************************************************************************
2022-01-04 08:44:43,984 [ERROR]  Could not create release.
2022-01-04 08:58:30,277 [INFO ]  
2022-01-04 08:58:30,278 [INFO ]  ***************************************************************************
2022-01-04 08:58:30,278 [INFO ]  ********** [STEP 1] Initialization...
2022-01-04 08:58:30,279 [INFO ]  ***************************************************************************
2022-01-04 08:58:30,922 [INFO ]  [ARGS] GitHub repository to release against is set to maybeec/gha-test
2022-01-04 08:58:30,922 [INFO ]  [ARGS] Release version to be released set to v2021.01.001
2022-01-04 08:58:30,923 [INFO ]  [ARGS] GitHub Token set
2022-01-04 08:58:30,923 [INFO ]  Releasing against GitHub repository 'maybeec/gha-test'
2022-01-04 08:58:30,924 [INFO ]  Authenticated.
2022-01-04 08:58:31,627 [INFO ]  Release tag name: v2021.01.001
2022-01-04 08:58:31,627 [INFO ]  Next release name not specified.
2022-01-04 08:58:31,628 [INFO ]  Increasing bugfix version by 1
2022-01-04 08:58:31,628 [INFO ]  New version determined to be v2021.01.002
2022-01-04 08:58:31,628 [INFO ]  [DEBUG] Milestones not found in cache, retrieving from GitHub...
2022-01-04 08:58:31,774 [INFO ]  Milestone 'v2021.01.001' found!
2022-01-04 08:58:31,774 [INFO ]  
2022-01-04 08:58:31,775 [INFO ]  ***************************************************************************
2022-01-04 08:58:31,775 [INFO ]  ********** [STEP 2] Close GitHub Milestone...
2022-01-04 08:58:31,775 [INFO ]  ***************************************************************************
2022-01-04 08:58:31,958 [INFO ]  New status of Milestone 'v2021.01.001' is: closed
2022-01-04 08:58:31,959 [INFO ]  
2022-01-04 08:58:31,959 [INFO ]  ***************************************************************************
2022-01-04 08:58:31,959 [INFO ]  ********** [STEP 3] Create new GitHub release...
2022-01-04 08:58:31,960 [INFO ]  ***************************************************************************
2022-01-04 08:58:32,188 [ERROR]  Could not create release.
2022-01-04 09:02:38,028 [INFO ]  
2022-01-04 09:02:38,029 [INFO ]  ***************************************************************************
2022-01-04 09:02:38,029 [INFO ]  ********** [STEP 1] Initialization...
2022-01-04 09:02:38,030 [INFO ]  ***************************************************************************
2022-01-04 09:02:38,691 [INFO ]  [ARGS] GitHub repository to release against is set to maybeec/gha-test
2022-01-04 09:02:38,691 [INFO ]  [ARGS] Release version to be released set to v2021.01.001
2022-01-04 09:02:38,692 [INFO ]  [ARGS] GitHub Token set
2022-01-04 09:02:38,692 [INFO ]  Releasing against GitHub repository 'maybeec/gha-test'
2022-01-04 09:02:38,693 [INFO ]  Authenticated.
2022-01-04 09:02:39,336 [INFO ]  Release tag name: v2021.01.001
2022-01-04 09:02:39,337 [INFO ]  Next release name not specified.
2022-01-04 09:02:39,338 [INFO ]  Increasing bugfix version by 1
2022-01-04 09:02:39,338 [INFO ]  New version determined to be v2021.01.002
2022-01-04 09:02:39,338 [INFO ]  [DEBUG] Milestones not found in cache, retrieving from GitHub...
2022-01-04 09:02:39,489 [INFO ]  Milestone 'v2021.01.001' found!
2022-01-04 09:02:39,490 [INFO ]  
2022-01-04 09:02:39,490 [INFO ]  ***************************************************************************
2022-01-04 09:02:39,490 [INFO ]  ********** [STEP 2] Close GitHub Milestone...
2022-01-04 09:02:39,491 [INFO ]  ***************************************************************************
2022-01-04 09:02:39,733 [INFO ]  New status of Milestone 'v2021.01.001' is: closed
2022-01-04 09:02:39,734 [INFO ]  
2022-01-04 09:02:39,734 [INFO ]  ***************************************************************************
2022-01-04 09:02:39,735 [INFO ]  ********** [STEP 3] Create new GitHub release...
2022-01-04 09:02:39,735 [INFO ]  ***************************************************************************
2022-01-04 09:02:40,076 [INFO ]  Authenticated.
2022-01-04 09:02:40,690 [INFO ]  
2022-01-04 09:02:40,690 [INFO ]  ***************************************************************************
2022-01-04 09:02:40,691 [INFO ]  ********** [STEP 4] Create new GitHub milestone...
2022-01-04 09:02:40,691 [INFO ]  ***************************************************************************
2022-01-04 09:02:40,692 [INFO ]  Creating milestone 'v2021.01.002' for next release...
2022-01-04 09:02:40,933 [INFO ]  New milestone created!
2022-01-04 09:03:51,926 [INFO ]  
2022-01-04 09:03:51,927 [INFO ]  ***************************************************************************
2022-01-04 09:03:51,927 [INFO ]  ********** [STEP 1] Initialization...
2022-01-04 09:03:51,928 [INFO ]  ***************************************************************************
2022-01-04 09:03:52,586 [INFO ]  [ARGS] GitHub repository to release against is set to maybeec/gha-test
2022-01-04 09:03:52,587 [INFO ]  [ARGS] Release version to be released set to v2021.01.001
2022-01-04 09:03:52,587 [INFO ]  [ARGS] GitHub Token set
2022-01-04 09:03:52,588 [INFO ]  Releasing against GitHub repository 'maybeec/gha-test'
2022-01-04 09:03:52,588 [INFO ]  Authenticated.
2022-01-04 09:03:53,203 [INFO ]  Release tag name: v2021.01.001
2022-01-04 09:03:53,203 [INFO ]  Next release name not specified.
2022-01-04 09:03:53,204 [INFO ]  Increasing bugfix version by 1
2022-01-04 09:03:53,204 [INFO ]  New version determined to be v2021.01.002
2022-01-04 09:03:53,204 [INFO ]  [DEBUG] Milestones not found in cache, retrieving from GitHub...
2022-01-04 09:03:53,363 [INFO ]  Milestone 'v2021.01.001' found!
2022-01-04 09:03:53,364 [INFO ]  
2022-01-04 09:03:53,364 [INFO ]  ***************************************************************************
2022-01-04 09:03:53,365 [INFO ]  ********** [STEP 2] Close GitHub Milestone...
2022-01-04 09:03:53,365 [INFO ]  ***************************************************************************
2022-01-04 09:03:53,366 [INFO ]  ::warning Milestone 'v2021.01.001' was already closed, please check.
2022-01-04 09:03:53,366 [INFO ]  
2022-01-04 09:03:53,367 [INFO ]  ***************************************************************************
2022-01-04 09:03:53,367 [INFO ]  ********** [STEP 3] Create new GitHub release...
2022-01-04 09:03:53,368 [INFO ]  ***************************************************************************
2022-01-04 09:03:53,697 [INFO ]  Authenticated.
2022-01-04 09:03:54,636 [INFO ]  
2022-01-04 09:03:54,637 [INFO ]  ***************************************************************************
2022-01-04 09:03:54,637 [INFO ]  ********** [STEP 4] Create new GitHub milestone...
2022-01-04 09:03:54,638 [INFO ]  ***************************************************************************
2022-01-04 09:03:54,638 [INFO ]  Creating milestone 'v2021.01.002' for next release...
2022-01-04 09:03:54,840 [INFO ]  Could not create milestone!
2022-01-04 09:03:54,840 [INFO ]  ::warning Failed to create the next release milestone (is it already created?), please create it manually...
2022-01-04 09:14:56,975 [INFO ]  
2022-01-04 09:14:56,976 [INFO ]  ***************************************************************************
2022-01-04 09:14:56,976 [INFO ]  ********** [STEP 1] Initialization...
2022-01-04 09:14:56,976 [INFO ]  ***************************************************************************
2022-01-04 09:14:57,619 [INFO ]  [ARGS] GitHub repository to release against is set to maybeec/gha-test
2022-01-04 09:14:57,619 [INFO ]  [ARGS] Release version to be released set to v2021.01.001
2022-01-04 09:14:57,620 [INFO ]  [ARGS] GitHub Token set
2022-01-04 09:14:57,620 [INFO ]  Releasing against GitHub repository 'maybeec/gha-test'
2022-01-04 09:14:57,620 [INFO ]  Authenticated.
2022-01-04 09:14:58,317 [INFO ]  Release tag name: v2021.01.001
2022-01-04 09:14:58,318 [INFO ]  Next release name not specified.
2022-01-04 09:14:58,318 [INFO ]  Increasing bugfix version by 1
2022-01-04 09:14:58,318 [INFO ]  New version determined to be v2021.01.002
2022-01-04 09:14:58,472 [INFO ]  Milestone 'v2021.01.001' found!
2022-01-04 09:14:58,472 [INFO ]  
2022-01-04 09:14:58,472 [INFO ]  ***************************************************************************
2022-01-04 09:14:58,473 [INFO ]  ********** [STEP 2] Close GitHub Milestone...
2022-01-04 09:14:58,473 [INFO ]  ***************************************************************************
2022-01-04 09:14:58,473 [WARNI]  ::warning Milestone 'v2021.01.001' was already closed, please check.
2022-01-04 09:14:58,474 [INFO ]  
2022-01-04 09:14:58,474 [INFO ]  ***************************************************************************
2022-01-04 09:14:58,474 [INFO ]  ********** [STEP 3] Create new GitHub release...
2022-01-04 09:14:58,475 [INFO ]  ***************************************************************************
2022-01-04 09:36:24,850 [INFO ]  
2022-01-04 09:36:24,851 [INFO ]  ***************************************************************************
2022-01-04 09:36:24,851 [INFO ]  ********** [STEP 1] Initialization...
2022-01-04 09:36:24,852 [INFO ]  ***************************************************************************
2022-01-04 09:36:25,496 [INFO ]  [ARGS] GitHub repository to release against is set to maybeec/gha-test
2022-01-04 09:36:25,496 [INFO ]  [ARGS] Release version to be released set to v2021.01.001
2022-01-04 09:36:25,497 [INFO ]  [ARGS] GitHub Token set
2022-01-04 09:36:25,497 [INFO ]  Releasing against GitHub repository 'maybeec/gha-test'
2022-01-04 09:36:25,498 [INFO ]  Authenticated.
2022-01-04 09:36:26,216 [INFO ]  Release tag name: v2021.01.001
2022-01-04 09:36:26,217 [INFO ]  Next release name not specified.
2022-01-04 09:36:26,218 [INFO ]  Increasing bugfix version by 1
2022-01-04 09:36:26,218 [INFO ]  New version determined to be v2021.01.002
2022-01-04 09:36:26,363 [INFO ]  Milestone 'v2021.01.001' found!
2022-01-04 09:36:26,364 [INFO ]  
2022-01-04 09:36:26,364 [INFO ]  ***************************************************************************
2022-01-04 09:36:26,365 [INFO ]  ********** [STEP 2] Close GitHub Milestone...
2022-01-04 09:36:26,365 [INFO ]  ***************************************************************************
2022-01-04 09:36:26,365 [WARNI]  ::warning Milestone 'v2021.01.001' was already closed, please check.
2022-01-04 09:36:26,366 [INFO ]  
2022-01-04 09:36:26,366 [INFO ]  ***************************************************************************
2022-01-04 09:36:26,367 [INFO ]  ********** [STEP 3] Create new GitHub release...
2022-01-04 09:36:26,367 [INFO ]  ***************************************************************************
2022-01-04 09:36:55,345 [INFO ]  
2022-01-04 09:36:55,345 [INFO ]  ***************************************************************************
2022-01-04 09:36:55,346 [INFO ]  ********** [STEP 1] Initialization...
2022-01-04 09:36:55,346 [INFO ]  ***************************************************************************
2022-01-04 09:36:55,374 [INFO ]  [ARGS] GitHub repository to release against is set to maybeec/gha-test
2022-01-04 09:36:55,375 [INFO ]  [ARGS] Release version to be released set to v2021.01.001
2022-01-04 09:36:55,375 [INFO ]  [ARGS] GitHub Token set
2022-01-04 09:36:55,376 [INFO ]  Releasing against GitHub repository 'maybeec/gha-test'
2022-01-04 09:36:55,376 [INFO ]  Authenticated.
2022-01-04 09:36:56,080 [INFO ]  Release tag name: v2021.01.001
2022-01-04 09:36:56,080 [INFO ]  Next release name not specified.
2022-01-04 09:36:56,081 [INFO ]  Increasing bugfix version by 1
2022-01-04 09:36:56,081 [INFO ]  New version determined to be v2021.01.002
2022-01-04 09:36:56,229 [INFO ]  Milestone 'v2021.01.001' found!
2022-01-04 09:36:56,229 [INFO ]  
2022-01-04 09:36:56,230 [INFO ]  ***************************************************************************
2022-01-04 09:36:56,230 [INFO ]  ********** [STEP 2] Close GitHub Milestone...
2022-01-04 09:36:56,231 [INFO ]  ***************************************************************************
2022-01-04 09:36:56,231 [WARNI]  ::warning Milestone 'v2021.01.001' was already closed, please check.
2022-01-04 09:36:56,232 [INFO ]  
2022-01-04 09:36:56,232 [INFO ]  ***************************************************************************
2022-01-04 09:36:56,233 [INFO ]  ********** [STEP 3] Create new GitHub release...
2022-01-04 09:36:56,233 [INFO ]  ***************************************************************************
2022-01-04 09:36:56,429 [ERROR]  Could not create release.
2022-01-04 09:37:14,801 [INFO ]  
2022-01-04 09:37:14,802 [INFO ]  ***************************************************************************
2022-01-04 09:37:14,802 [INFO ]  ********** [STEP 1] Initialization...
2022-01-04 09:37:14,803 [INFO ]  ***************************************************************************
2022-01-04 09:37:15,447 [INFO ]  [ARGS] GitHub repository to release against is set to maybeec/gha-test
2022-01-04 09:37:15,448 [INFO ]  [ARGS] Release version to be released set to v2021.01.001
2022-01-04 09:37:15,448 [INFO ]  [ARGS] GitHub Token set
2022-01-04 09:37:15,449 [INFO ]  Releasing against GitHub repository 'maybeec/gha-test'
2022-01-04 09:37:15,449 [INFO ]  Authenticated.
2022-01-04 09:37:16,042 [INFO ]  Release tag name: v2021.01.001
2022-01-04 09:37:16,043 [INFO ]  Next release name not specified.
2022-01-04 09:37:16,043 [INFO ]  Increasing bugfix version by 1
2022-01-04 09:37:16,043 [INFO ]  New version determined to be v2021.01.002
2022-01-04 09:37:16,206 [INFO ]  Milestone 'v2021.01.001' found!
2022-01-04 09:37:16,206 [INFO ]  
2022-01-04 09:37:16,207 [INFO ]  ***************************************************************************
2022-01-04 09:37:16,207 [INFO ]  ********** [STEP 2] Close GitHub Milestone...
2022-01-04 09:37:16,207 [INFO ]  ***************************************************************************
2022-01-04 09:37:16,208 [WARNI]  ::warning Milestone 'v2021.01.001' was already closed, please check.
2022-01-04 09:37:16,208 [INFO ]  
2022-01-04 09:37:16,208 [INFO ]  ***************************************************************************
2022-01-04 09:37:16,209 [INFO ]  ********** [STEP 3] Create new GitHub release...
2022-01-04 09:37:16,209 [INFO ]  ***************************************************************************
2022-01-04 09:37:16,520 [INFO ]  
2022-01-04 09:37:16,520 [INFO ]  ***************************************************************************
2022-01-04 09:37:16,521 [INFO ]  ********** [STEP 4] Create new GitHub milestone...
2022-01-04 09:37:16,521 [INFO ]  ***************************************************************************
2022-01-04 09:37:16,522 [INFO ]  Creating milestone 'v2021.01.002' for next release...
2022-01-04 09:37:16,717 [INFO ]  Could not create milestone!
2022-01-04 09:37:16,717 [WARNI]  ::warning Failed to create the next release milestone (is it already created?).
